  main.cpp
C:\OpenCV\build\include\opencv2\core.hpp(1743,1): warning C4819: 현재 코드 페이지(949)에서 표시할 수 없는 문자가 파일에 들어 있습니다. 데이터가 손실되지 않게 하려면 해당 파일을 유니코드 형식으로 저장하십시오.
  (소스 파일 'main.cpp'을(를) 컴파일하는 중)
  
C:\OpenCV\build\include\opencv2\core.hpp(1743,1): warning C4819: 현재 코드 페이지(949)에서 표시할 수 없는 문자가 파일에 들어 있습니다. 데이터가 손실되지 않게 하려면 해당 파일을 유니코드 형식으로 저장하십시오.
  (소스 파일 'main.cpp'을(를) 컴파일하는 중)
  
C:\OpenCV\build\include\opencv2\core.hpp(1743,1): warning C4819: 현재 코드 페이지(949)에서 표시할 수 없는 문자가 파일에 들어 있습니다. 데이터가 손실되지 않게 하려면 해당 파일을 유니코드 형식으로 저장하십시오.
  (소스 파일 'main.cpp'을(를) 컴파일하는 중)
  
D:\Nelly\workspace\OpenCV\OpenCV_Card\main.cpp(64,41): warning C4244: '인수': 'int'에서 '_Tp'(으)로 변환하면서 데이터가 손실될 수 있습니다.
D:\Nelly\workspace\OpenCV\OpenCV_Card\main.cpp(64,41): warning C4244:         with
D:\Nelly\workspace\OpenCV\OpenCV_Card\main.cpp(64,41): warning C4244:         [
D:\Nelly\workspace\OpenCV\OpenCV_Card\main.cpp(64,41): warning C4244:             _Tp=float
D:\Nelly\workspace\OpenCV\OpenCV_Card\main.cpp(64,41): warning C4244:         ]
D:\Nelly\workspace\OpenCV\OpenCV_Card\main.cpp(64,38): warning C4244: '인수': 'int'에서 '_Tp'(으)로 변환하면서 데이터가 손실될 수 있습니다.
D:\Nelly\workspace\OpenCV\OpenCV_Card\main.cpp(64,38): warning C4244:         with
D:\Nelly\workspace\OpenCV\OpenCV_Card\main.cpp(64,38): warning C4244:         [
D:\Nelly\workspace\OpenCV\OpenCV_Card\main.cpp(64,38): warning C4244:             _Tp=float
D:\Nelly\workspace\OpenCV\OpenCV_Card\main.cpp(64,38): warning C4244:         ]
D:\Nelly\workspace\OpenCV\OpenCV_Card\main.cpp(80,40): warning C4244: '인수': 'int'에서 '_Tp'(으)로 변환하면서 데이터가 손실될 수 있습니다.
D:\Nelly\workspace\OpenCV\OpenCV_Card\main.cpp(80,40): warning C4244:         with
D:\Nelly\workspace\OpenCV\OpenCV_Card\main.cpp(80,40): warning C4244:         [
D:\Nelly\workspace\OpenCV\OpenCV_Card\main.cpp(80,40): warning C4244:             _Tp=float
D:\Nelly\workspace\OpenCV\OpenCV_Card\main.cpp(80,40): warning C4244:         ]
D:\Nelly\workspace\OpenCV\OpenCV_Card\main.cpp(81,47): warning C4244: '인수': 'int'에서 '_Tp'(으)로 변환하면서 데이터가 손실될 수 있습니다.
D:\Nelly\workspace\OpenCV\OpenCV_Card\main.cpp(81,47): warning C4244:         with
D:\Nelly\workspace\OpenCV\OpenCV_Card\main.cpp(81,47): warning C4244:         [
D:\Nelly\workspace\OpenCV\OpenCV_Card\main.cpp(81,47): warning C4244:             _Tp=float
D:\Nelly\workspace\OpenCV\OpenCV_Card\main.cpp(81,47): warning C4244:         ]
D:\Nelly\workspace\OpenCV\OpenCV_Card\main.cpp(81,40): warning C4244: '인수': 'int'에서 '_Tp'(으)로 변환하면서 데이터가 손실될 수 있습니다.
D:\Nelly\workspace\OpenCV\OpenCV_Card\main.cpp(81,40): warning C4244:         with
D:\Nelly\workspace\OpenCV\OpenCV_Card\main.cpp(81,40): warning C4244:         [
D:\Nelly\workspace\OpenCV\OpenCV_Card\main.cpp(81,40): warning C4244:             _Tp=float
D:\Nelly\workspace\OpenCV\OpenCV_Card\main.cpp(81,40): warning C4244:         ]
D:\Nelly\workspace\OpenCV\OpenCV_Card\main.cpp(82,43): warning C4244: '인수': 'int'에서 '_Tp'(으)로 변환하면서 데이터가 손실될 수 있습니다.
D:\Nelly\workspace\OpenCV\OpenCV_Card\main.cpp(82,43): warning C4244:         with
D:\Nelly\workspace\OpenCV\OpenCV_Card\main.cpp(82,43): warning C4244:         [
D:\Nelly\workspace\OpenCV\OpenCV_Card\main.cpp(82,43): warning C4244:             _Tp=float
D:\Nelly\workspace\OpenCV\OpenCV_Card\main.cpp(82,43): warning C4244:         ]
  OpenCV_Card.vcxproj -> D:\Nelly\workspace\OpenCV\OpenCV_Card\x64\Debug\OpenCV_Card.exe
